Using pre-set license
Built from '2021.1/staging' branch; Version is '2021.1.12f1 (afcadd793de6) revision 11520733'; Using compiler version '192528614'; Build Type 'Release'
OS: 'Windows 10 Home Single Language; OS build 19042.1348; Version 2009; 64bit' Language: 'en' Physical Memory: 8112 MB
BatchMode: 1, IsHumanControllingUs: 0, StartBugReporterOnCrash: 0, Is64bit: 1, IsPro: 0

 COMMAND LINE ARGUMENTS:
C:\Program Files\Unity\Hub\Editor\2021.1.12f1\Editor\Unity.exe
-adb2
-batchMode
-noUpm
-name
AssetImportWorker1
-projectPath
D:/Git/Khonpet
-logFile
Logs/AssetImportWorker1.log
-srvPort
54121
Successfully changed project path to: D:/Git/Khonpet
D:/Git/Khonpet
Using Asset Import Pipeline V2.
Refreshing native plugins compatible for Editor in 48.28 ms, found 3 plugins.
Preloading 0 native plugins for Editor in 0.00 ms.
Initialize engine version: 2021.1.12f1 (afcadd793de6)
[Subsystems] Discovering subsystems at path C:/Program Files/Unity/Hub/Editor/2021.1.12f1/Editor/Data/Resources/UnitySubsystems
[Subsystems] Discovering subsystems at path D:/Git/Khonpet/Assets
GfxDevice: creating device client; threaded=0; jobified=0
Direct3D:
    Version:  Direct3D 11.0 [level 11.1]
    Renderer: NVIDIA GeForce GTX 1650 (ID=0x1f91)
    Vendor:   NVIDIA
    VRAM:     3962 MB
    Driver:   27.21.14.6627
Initialize mono
Mono path[0] = 'C:/Program Files/Unity/Hub/Editor/2021.1.12f1/Editor/Data/Managed'
Mono path[1] = 'C:/Program Files/Unity/Hub/Editor/2021.1.12f1/Editor/Data/MonoBleedingEdge/lib/mono/unityjit'
Mono config path = 'C:/Program Files/Unity/Hub/Editor/2021.1.12f1/Editor/Data/MonoBleedingEdge/etc'
Using monoOptions --debugger-agent=transport=dt_socket,embedding=1,server=y,suspend=n,address=127.0.0.1:56656
Begin MonoManager ReloadAssembly
Registering precompiled unity dll's ...
Register platform support module: C:/Program Files/Unity/Hub/Editor/2021.1.12f1/Editor/Data/PlaybackEngines/WebGLSupport/UnityEditor.WebGL.Extensions.dll
Register platform support module: C:/Program Files/Unity/Hub/Editor/2021.1.12f1/Editor/Data/PlaybackEngines/WindowsStandaloneSupport/UnityEditor.WindowsStandalone.Extensions.dll
Registered in 0.003880 seconds.
Native extension for WindowsStandalone target not found
Native extension for WebGL target not found
Refreshing native plugins compatible for Editor in 69.36 ms, found 3 plugins.
Preloading 0 native plugins for Editor in 0.00 ms.
Mono: successfully reloaded assembly
- Completed reload, in  2.205 seconds
Domain Reload Profiling:
	ReloadAssembly (2206ms)
		BeginReloadAssembly (58ms)
			ExecutionOrderSort (0ms)
			DisableScriptedObjects (0ms)
			BackupInstance (0ms)
			ReleaseScriptingObjects (0ms)
			CreateAndSetChildDomain (1ms)
		EndReloadAssembly (609ms)
			LoadAssemblies (56ms)
			RebuildTransferFunctionScriptingTraits (0ms)
			SetupTypeCache (240ms)
			ReleaseScriptCaches (0ms)
			RebuildScriptCaches (48ms)
			SetupLoadedEditorAssemblies (248ms)
				LogAssemblyErrors (0ms)
				InitializePlatformSupportModulesInManaged (9ms)
				SetLoadedEditorAssemblies (0ms)
				RefreshPlugins (69ms)
				BeforeProcessingInitializeOnLoad (1ms)
				ProcessInitializeOnLoadAttributes (122ms)
				ProcessInitializeOnLoadMethodAttributes (46ms)
				AfterProcessingInitializeOnLoad (0ms)
				EditorAssembliesLoaded (0ms)
			ExecutionOrderSort2 (0ms)
			AwakeInstancesAfterBackupRestoration (0ms)
Platform modules already initialized, skipping
Registering precompiled user dll's ...
Registered in 0.004364 seconds.
Begin MonoManager ReloadAssembly
Native extension for WindowsStandalone target not found
Native extension for WebGL target not found
Refreshing native plugins compatible for Editor in 42.58 ms, found 3 plugins.
Preloading 0 native plugins for Editor in 0.00 ms.
Mono: successfully reloaded assembly
- Completed reload, in  3.895 seconds
Domain Reload Profiling:
	ReloadAssembly (3895ms)
		BeginReloadAssembly (187ms)
			ExecutionOrderSort (0ms)
			DisableScriptedObjects (4ms)
			BackupInstance (0ms)
			ReleaseScriptingObjects (0ms)
			CreateAndSetChildDomain (19ms)
		EndReloadAssembly (3645ms)
			LoadAssemblies (2818ms)
			RebuildTransferFunctionScriptingTraits (0ms)
			SetupTypeCache (347ms)
			ReleaseScriptCaches (1ms)
			RebuildScriptCaches (48ms)
			SetupLoadedEditorAssemblies (369ms)
				LogAssemblyErrors (0ms)
				InitializePlatformSupportModulesInManaged (5ms)
				SetLoadedEditorAssemblies (0ms)
				RefreshPlugins (43ms)
				BeforeProcessingInitializeOnLoad (60ms)
				ProcessInitializeOnLoadAttributes (239ms)
				ProcessInitializeOnLoadMethodAttributes (14ms)
				AfterProcessingInitializeOnLoad (9ms)
				EditorAssembliesLoaded (0ms)
			ExecutionOrderSort2 (0ms)
			AwakeInstancesAfterBackupRestoration (6ms)
Platform modules already initialized, skipping
========================================================================
Worker process is ready to serve import requests
Launched and connected shader compiler UnityShaderCompiler.exe after 0.10 seconds
Refreshing native plugins compatible for Editor in 0.93 ms, found 3 plugins.
Preloading 0 native plugins for Editor in 0.00 ms.
Unloading 2197 Unused Serialized files (Serialized files now loaded: 0)
System memory in use before: 99.3 MB.
System memory in use after: 99.4 MB.

Unloading 27 unused Assets to reduce memory usage. Loaded Objects now: 2659.
Total: 3.434400 ms (FindLiveObjects: 0.253800 ms CreateObjectMapping: 0.102700 ms MarkObjects: 3.047000 ms  DeleteObjects: 0.029700 ms)

AssetImportParameters requested are different than current active one (requested -> active):
  custom:framework-win-MediaFoundation: 216162199b28c13a410421893ffa2e32 -> 
  custom:video-decoder-ogg-theora: a1e56fd34408186e4bbccfd4996cb3dc -> 
  custom:container-muxer-webm: aa71ff27fc2769a1b78a27578f13a17b -> 
  custom:container-demuxer-webm: 4f35f7cbe854078d1ac9338744f61a02 -> 
  custom:container-demuxer-ogg: 62fdf1f143b41e24485cea50d1cbac27 -> 
  custom:video-encoder-webm-vp8: eb34c28f22e8b96e1ab97ce403110664 -> 
  custom:video-codec-MediaFoundation-h265: 746d11721c4dcdbdad8f713fa42b33f4 -> 
  custom:video-decoder-webm-vp8: 9c59270c3fd7afecdb556c50c9e8de78 -> 
  custom:audio-decoder-ogg-vorbis: bf7c407c2cedff20999df2af8eb42d56 -> 
  custom:audio-encoder-webm-vorbis: bf7c407c2cedff20999df2af8eb42d56 -> 
========================================================================
Received Import Request.
  path: Assets/AssetsResources/Editor/AssetsBundle/p_0000 1/source/sprite/sheet.png
  artifactKey: Guid(c1f7d5342ccc60b418c81259f2f5af3d) Importer(815301076,1909f56bfc062723c751e8b465ee728b)
Start importing Assets/AssetsResources/Editor/AssetsBundle/p_0000 1/source/sprite/sheet.png using Guid(c1f7d5342ccc60b418c81259f2f5af3d) Importer(815301076,1909f56bfc062723c751e8b465ee728b)  -> (artifact id: '1cc44c3f2ff32586004ef89047d01997') in 0.217662 seconds 
========================================================================
Received Import Request.
  Time since last request: 17.681759 seconds.
  path: Assets/AssetsResources/Editor/AssetsBundle/p_0000 1/source/sprite/sheet.png
  artifactKey: Guid(c1f7d5342ccc60b418c81259f2f5af3d) Importer(815301076,1909f56bfc062723c751e8b465ee728b)
Start importing Assets/AssetsResources/Editor/AssetsBundle/p_0000 1/source/sprite/sheet.png using Guid(c1f7d5342ccc60b418c81259f2f5af3d) Importer(815301076,1909f56bfc062723c751e8b465ee728b)  -> (artifact id: '0424913673db23fe4b077a65a86e2ba7') in 0.058419 seconds 
========================================================================
Received Import Request.
  Time since last request: 27.447585 seconds.
  path: Assets/AssetsResources/Editor/AssetsBundle/p_0000 1/source/sprite/sheet.png
  artifactKey: Guid(c1f7d5342ccc60b418c81259f2f5af3d) Importer(815301076,1909f56bfc062723c751e8b465ee728b)
Start importing Assets/AssetsResources/Editor/AssetsBundle/p_0000 1/source/sprite/sheet.png using Guid(c1f7d5342ccc60b418c81259f2f5af3d) Importer(815301076,1909f56bfc062723c751e8b465ee728b)  -> (artifact id: 'c9d6cee324326c1df6473e1af1cdf25b') in 0.017656 seconds 
========================================================================
Received Import Request.
  Time since last request: 5.085320 seconds.
  path: Assets/AssetsResources/Editor/AssetsBundle/p_0000 1/source/sprite/sheet.png
  artifactKey: Guid(c1f7d5342ccc60b418c81259f2f5af3d) Importer(815301076,1909f56bfc062723c751e8b465ee728b)
Start importing Assets/AssetsResources/Editor/AssetsBundle/p_0000 1/source/sprite/sheet.png using Guid(c1f7d5342ccc60b418c81259f2f5af3d) Importer(815301076,1909f56bfc062723c751e8b465ee728b)  -> (artifact id: '02600058e126c9b10c61972c0e7de37e') in 0.017982 seconds 
========================================================================
Received Import Request.
  Time since last request: 219.241546 seconds.
  path: Assets/AssetsResources/Editor/AssetsBundle/p_0000 1/source/sprite/sheet.png
  artifactKey: Guid(c1f7d5342ccc60b418c81259f2f5af3d) Importer(815301076,1909f56bfc062723c751e8b465ee728b)
Start importing Assets/AssetsResources/Editor/AssetsBundle/p_0000 1/source/sprite/sheet.png using Guid(c1f7d5342ccc60b418c81259f2f5af3d) Importer(815301076,1909f56bfc062723c751e8b465ee728b)  -> (artifact id: '1a8f77c4c7fb96ed6e0f6d898a610145') in 0.091181 seconds 
========================================================================
Received Import Request.
  Time since last request: 389.217820 seconds.
  path: Assets/AssetsResources/Editor/AssetsBundle/p_0000 1/source/sprite/sheet.png
  artifactKey: Guid(c1f7d5342ccc60b418c81259f2f5af3d) Importer(815301076,1909f56bfc062723c751e8b465ee728b)
Start importing Assets/AssetsResources/Editor/AssetsBundle/p_0000 1/source/sprite/sheet.png using Guid(c1f7d5342ccc60b418c81259f2f5af3d) Importer(815301076,1909f56bfc062723c751e8b465ee728b)  -> (artifact id: 'c4bc8a9906bc32791984c6c192c95947') in 0.035511 seconds 
========================================================================
Received Import Request.
  Time since last request: 53.581895 seconds.
  path: Assets/AssetsResources/Editor/AssetsBundle/p_0000 1/source/sprite/sheet.png
  artifactKey: Guid(c1f7d5342ccc60b418c81259f2f5af3d) Importer(815301076,1909f56bfc062723c751e8b465ee728b)
Start importing Assets/AssetsResources/Editor/AssetsBundle/p_0000 1/source/sprite/sheet.png using Guid(c1f7d5342ccc60b418c81259f2f5af3d) Importer(815301076,1909f56bfc062723c751e8b465ee728b)  -> (artifact id: '24d36af56e4ec9202f5a7e94e6b6dc78') in 0.182736 seconds 
========================================================================
Received Import Request.
  Time since last request: 70.382608 seconds.
  path: Assets/AssetsResources/Editor/AssetsBundle/p_0000 1/source/sprite/sheet.png
  artifactKey: Guid(c1f7d5342ccc60b418c81259f2f5af3d) Importer(815301076,1909f56bfc062723c751e8b465ee728b)
Start importing Assets/AssetsResources/Editor/AssetsBundle/p_0000 1/source/sprite/sheet.png using Guid(c1f7d5342ccc60b418c81259f2f5af3d) Importer(815301076,1909f56bfc062723c751e8b465ee728b)  -> (artifact id: 'f4fd6da6f45183302838b5a4b1c7420f') in 0.092163 seconds 
========================================================================
Received Import Request.
  Time since last request: 156.148430 seconds.
  path: Assets/AssetsResources/Editor/AssetsBundle/p_0000 1/source/sprite/sheet.png
  artifactKey: Guid(c1f7d5342ccc60b418c81259f2f5af3d) Importer(815301076,1909f56bfc062723c751e8b465ee728b)
Start importing Assets/AssetsResources/Editor/AssetsBundle/p_0000 1/source/sprite/sheet.png using Guid(c1f7d5342ccc60b418c81259f2f5af3d) Importer(815301076,1909f56bfc062723c751e8b465ee728b)  -> (artifact id: '63c550950d8a9b5fd2529651647556d3') in 0.060995 seconds 
========================================================================
Received Import Request.
  Time since last request: 30.798547 seconds.
  path: Assets/AssetsResources/Editor/AssetsBundle/p_0000 1/source/sprite/sheet.png
  artifactKey: Guid(c1f7d5342ccc60b418c81259f2f5af3d) Importer(815301076,1909f56bfc062723c751e8b465ee728b)
Start importing Assets/AssetsResources/Editor/AssetsBundle/p_0000 1/source/sprite/sheet.png using Guid(c1f7d5342ccc60b418c81259f2f5af3d) Importer(815301076,1909f56bfc062723c751e8b465ee728b)  -> (artifact id: 'd1836b3b6e4874bc4913ab9418762b8c') in 0.061732 seconds 
========================================================================
Received Import Request.
  Time since last request: 89.456256 seconds.
  path: Assets/AssetsResources/Editor/AssetsBundle/p_0000 1/pet.prefab
  artifactKey: Guid(ba318ec49ccf52c49a3abbbcb1a94d75) Importer(815301076,1909f56bfc062723c751e8b465ee728b)
Start importing Assets/AssetsResources/Editor/AssetsBundle/p_0000 1/pet.prefab using Guid(ba318ec49ccf52c49a3abbbcb1a94d75) Importer(815301076,1909f56bfc062723c751e8b465ee728b)  -> (artifact id: '69d7fa10d9abb4405d0b609347dda625') in 0.445990 seconds 
========================================================================
Received Import Request.
  Time since last request: 74.276261 seconds.
  path: Assets/AssetsResources/Editor/AssetsBundle/p_0000 1/source/anim/root.controller
  artifactKey: Guid(b0b3b2e50df3f2e4299513aca7e7768d) Importer(815301076,1909f56bfc062723c751e8b465ee728b)
Start importing Assets/AssetsResources/Editor/AssetsBundle/p_0000 1/source/anim/root.controller using Guid(b0b3b2e50df3f2e4299513aca7e7768d) Importer(815301076,1909f56bfc062723c751e8b465ee728b)  -> (artifact id: 'c35fc36a945343f26bfa272077d31a96') in 0.023790 seconds 
========================================================================
Received Import Request.
  Time since last request: 52.318683 seconds.
  path: Assets/AssetsResources/Editor/AssetsBundle/p_0000/source/anim/root.controller
  artifactKey: Guid(769751aad5590c147b7fcf3c4e9488de) Importer(815301076,1909f56bfc062723c751e8b465ee728b)
Start importing Assets/AssetsResources/Editor/AssetsBundle/p_0000/source/anim/root.controller using Guid(769751aad5590c147b7fcf3c4e9488de) Importer(815301076,1909f56bfc062723c751e8b465ee728b)  -> (artifact id: 'cd7291dd99ec163632f14d99e9fa646b') in 0.017399 seconds 
========================================================================
Received Import Request.
  Time since last request: 961.322607 seconds.
  path: Assets/AssetsResources/Editor/AssetsBundle/p_0000 1/source/sprite/sheet.png
  artifactKey: Guid(c1f7d5342ccc60b418c81259f2f5af3d) Importer(815301076,1909f56bfc062723c751e8b465ee728b)
Start importing Assets/AssetsResources/Editor/AssetsBundle/p_0000 1/source/sprite/sheet.png using Guid(c1f7d5342ccc60b418c81259f2f5af3d) Importer(815301076,1909f56bfc062723c751e8b465ee728b)  -> (artifact id: 'f937563096edf4f68bb41098b1670441') in 0.088334 seconds 
========================================================================
Received Import Request.
  Time since last request: 28.551835 seconds.
  path: Assets/AssetsResources/Editor/AssetsBundle/p_0000 1/source/sprite/sheet.png
  artifactKey: Guid(c1f7d5342ccc60b418c81259f2f5af3d) Importer(815301076,1909f56bfc062723c751e8b465ee728b)
Start importing Assets/AssetsResources/Editor/AssetsBundle/p_0000 1/source/sprite/sheet.png using Guid(c1f7d5342ccc60b418c81259f2f5af3d) Importer(815301076,1909f56bfc062723c751e8b465ee728b)  -> (artifact id: 'a489ef2624d5f9473a67ec6955972586') in 0.060418 seconds 
========================================================================
Received Import Request.
  Time since last request: 236.426248 seconds.
  path: Assets/AssetsResources/Editor/AssetsBundle/p_0000 1/source/sprite/thumbnail.jpg
  artifactKey: Guid(ec6a77ae4f09b654caa972babf73eeef) Importer(815301076,1909f56bfc062723c751e8b465ee728b)
Start importing Assets/AssetsResources/Editor/AssetsBundle/p_0000 1/source/sprite/thumbnail.jpg using Guid(ec6a77ae4f09b654caa972babf73eeef) Importer(815301076,1909f56bfc062723c751e8b465ee728b)  -> (artifact id: '32024a961b7b910e5f16ae52300edb70') in 0.159899 seconds 
========================================================================
Received Import Request.
  Time since last request: 30.922785 seconds.
  path: Assets/Khonpet/Script/System/SoundHandle.cs
  artifactKey: Guid(b3b8c135a91e90a40947953e314f1196) Importer(2089858483,934ff659095e30574adcf32a4c2f97b5)
Start importing Assets/Khonpet/Script/System/SoundHandle.cs using Guid(b3b8c135a91e90a40947953e314f1196) Importer(2089858483,934ff659095e30574adcf32a4c2f97b5)  -> (artifact id: '37ef1d0b66fca486ceab504683174ca5') in 0.806401 seconds 
========================================================================
Received Import Request.
  Time since last request: 0.000406 seconds.
  path: Assets/AssetsResources/Editor/AssetsBundle/p_0000 1/source/sprite/sheet.png
  artifactKey: Guid(c1f7d5342ccc60b418c81259f2f5af3d) Importer(2089858483,934ff659095e30574adcf32a4c2f97b5)
Start importing Assets/AssetsResources/Editor/AssetsBundle/p_0000 1/source/sprite/sheet.png using Guid(c1f7d5342ccc60b418c81259f2f5af3d) Importer(2089858483,934ff659095e30574adcf32a4c2f97b5)  -> (artifact id: '4ce915a24f24bda686b921ee233bd57f') in 0.068263 seconds 
========================================================================
Received Import Request.
  Time since last request: 0.000344 seconds.
  path: Assets/Khonpet/Scenes/master.unity
  artifactKey: Guid(7c3af1c434336b04e98e3c60a817401e) Importer(2089858483,934ff659095e30574adcf32a4c2f97b5)
Start importing Assets/Khonpet/Scenes/master.unity using Guid(7c3af1c434336b04e98e3c60a817401e) Importer(2089858483,934ff659095e30574adcf32a4c2f97b5)  -> (artifact id: 'c7231087dc75f8fb9cfe20be1f66bcd4') in 0.009839 seconds 
========================================================================
Received Import Request.
  Time since last request: 0.000266 seconds.
  path: Assets/AssetsResources/Editor/AssetsBundle/p_0000 1/source/sprite
  artifactKey: Guid(c35ecb8e8ea32e749a26bf95d9e374b0) Importer(2089858483,934ff659095e30574adcf32a4c2f97b5)
Start importing Assets/AssetsResources/Editor/AssetsBundle/p_0000 1/source/sprite using Guid(c35ecb8e8ea32e749a26bf95d9e374b0) Importer(2089858483,934ff659095e30574adcf32a4c2f97b5)  -> (artifact id: '4dfa295151faf098c4fcb01499b792d9') in 0.033188 seconds 
========================================================================
Received Import Request.
  Time since last request: 0.000361 seconds.
  path: Assets/AssetsResources/Editor/AssetsBundle/p_0000 1/source
  artifactKey: Guid(8f0e5bf0eb0ab5346a274cad8407c2e1) Importer(2089858483,934ff659095e30574adcf32a4c2f97b5)
Start importing Assets/AssetsResources/Editor/AssetsBundle/p_0000 1/source using Guid(8f0e5bf0eb0ab5346a274cad8407c2e1) Importer(2089858483,934ff659095e30574adcf32a4c2f97b5)  -> (artifact id: '2d0fccf16cdb76cf7b69b2fadb201341') in 0.049141 seconds 
========================================================================
Received Import Request.
  Time since last request: 0.000371 seconds.
  path: Assets/AssetsResources/Editor/AssetsBundle/p_0000 1/source/anim/Special
  artifactKey: Guid(db1a523a89378284a8e239f83a558584) Importer(2089858483,934ff659095e30574adcf32a4c2f97b5)
Start importing Assets/AssetsResources/Editor/AssetsBundle/p_0000 1/source/anim/Special using Guid(db1a523a89378284a8e239f83a558584) Importer(2089858483,934ff659095e30574adcf32a4c2f97b5)  -> (artifact id: 'e4f2429a2960c2a0cd99cc377095769b') in 0.028084 seconds 
========================================================================
Received Import Request.
  Time since last request: 0.000352 seconds.
  path: Assets/AssetsResources/Editor/AssetsBundle/p_0000 1/source/sfx
  artifactKey: Guid(fbe89145d5ac19d43bcbb395f0ff6d78) Importer(2089858483,934ff659095e30574adcf32a4c2f97b5)
Start importing Assets/AssetsResources/Editor/AssetsBundle/p_0000 1/source/sfx using Guid(fbe89145d5ac19d43bcbb395f0ff6d78) Importer(2089858483,934ff659095e30574adcf32a4c2f97b5)  -> (artifact id: '4b5a611cbca9a8d364b9c999e8030ba8') in 0.020559 seconds 
========================================================================
Received Import Request.
  Time since last request: 0.000330 seconds.
  path: Assets/Khonpet/Prefabs/Air/Rain.prefab
  artifactKey: Guid(cfcc36033b377674f9a496b4333b0ded) Importer(2089858483,934ff659095e30574adcf32a4c2f97b5)
Start importing Assets/Khonpet/Prefabs/Air/Rain.prefab using Guid(cfcc36033b377674f9a496b4333b0ded) Importer(2089858483,934ff659095e30574adcf32a4c2f97b5)  -> (artifact id: '5d8080cb2645a7b790c1e8bfbeb3010a') in 0.047226 seconds 
========================================================================
Received Import Request.
  Time since last request: 0.000402 seconds.
  path: Assets/AssetsResources/Editor/AssetsBundle/p_0000 1
  artifactKey: Guid(9df884dc97cf0cf42baf0ed3c2196418) Importer(2089858483,934ff659095e30574adcf32a4c2f97b5)
Start importing Assets/AssetsResources/Editor/AssetsBundle/p_0000 1 using Guid(9df884dc97cf0cf42baf0ed3c2196418) Importer(2089858483,934ff659095e30574adcf32a4c2f97b5)  -> (artifact id: '4b23267c6eb2385c88fd859c1c93f2de') in 0.009560 seconds 
========================================================================
Received Import Request.
  Time since last request: 0.000425 seconds.
  path: Assets/AssetsResources/Editor/AssetsBundle/p_0000 1/source/sprite/thumbnail.jpg
  artifactKey: Guid(ec6a77ae4f09b654caa972babf73eeef) Importer(2089858483,934ff659095e30574adcf32a4c2f97b5)
Start importing Assets/AssetsResources/Editor/AssetsBundle/p_0000 1/source/sprite/thumbnail.jpg using Guid(ec6a77ae4f09b654caa972babf73eeef) Importer(2089858483,934ff659095e30574adcf32a4c2f97b5)  -> (artifact id: '78e276f404a6f85a6079fe299cafd410') in 0.020574 seconds 
========================================================================
Received Import Request.
  Time since last request: 0.000530 seconds.
  path: Assets/Khonpet/Materials/water.mat
  artifactKey: Guid(c9974a5556f8f9248b533396aa17b2f7) Importer(2089858483,934ff659095e30574adcf32a4c2f97b5)
Start importing Assets/Khonpet/Materials/water.mat using Guid(c9974a5556f8f9248b533396aa17b2f7) Importer(2089858483,934ff659095e30574adcf32a4c2f97b5)  -> (artifact id: '2a2d03f79890a775b3c7034415b6710f') in 0.024051 seconds 
========================================================================
Received Import Request.
  Time since last request: 0.000376 seconds.
  path: Assets/AssetsResources/Editor/AssetsBundle/p_0000 1/source/anim
  artifactKey: Guid(6c7caa81fb7fe83469a7c7fd9d9c3036) Importer(2089858483,934ff659095e30574adcf32a4c2f97b5)
Start importing Assets/AssetsResources/Editor/AssetsBundle/p_0000 1/source/anim using Guid(6c7caa81fb7fe83469a7c7fd9d9c3036) Importer(2089858483,934ff659095e30574adcf32a4c2f97b5)  -> (artifact id: '5b2c32e93acd3dee0b45a3b7ea315c5f') in 0.037577 seconds 
========================================================================
Received Import Request.
  Time since last request: 0.000627 seconds.
  path: Assets/Khonpet/Script/Interface/PopupPage.cs
  artifactKey: Guid(cba99634b1bea9541970c3993bb84e75) Importer(2089858483,934ff659095e30574adcf32a4c2f97b5)
Start importing Assets/Khonpet/Script/Interface/PopupPage.cs using Guid(cba99634b1bea9541970c3993bb84e75) Importer(2089858483,934ff659095e30574adcf32a4c2f97b5)  -> (artifact id: '5f42bf1b07bb6208b9194bbc908b9cca') in 0.041968 seconds 
========================================================================
Received Import Request.
  Time since last request: 0.000367 seconds.
  path: Assets/AssetsResources/Editor/Pet Create.unity
  artifactKey: Guid(f1a41b5163d46474aa79f64236ac6e0e) Importer(2089858483,934ff659095e30574adcf32a4c2f97b5)
Start importing Assets/AssetsResources/Editor/Pet Create.unity using Guid(f1a41b5163d46474aa79f64236ac6e0e) Importer(2089858483,934ff659095e30574adcf32a4c2f97b5)  -> (artifact id: 'e681de0a9fff0d8fdc2aeb0c0156f6ce') in 0.009010 seconds 
========================================================================
Received Import Request.
  Time since last request: 4282.723590 seconds.
  path: Assets/AssetsResources/Editor/AssetsBundle/p_0000 1/source/anim/Idle.anim
  artifactKey: Guid(9c43f9d7a3942f242874b6beab098beb) Importer(2089858483,934ff659095e30574adcf32a4c2f97b5)
Start importing Assets/AssetsResources/Editor/AssetsBundle/p_0000 1/source/anim/Idle.anim using Guid(9c43f9d7a3942f242874b6beab098beb) Importer(2089858483,934ff659095e30574adcf32a4c2f97b5)  -> (artifact id: '62030844e3b48e24ddecef10c12ac6b7') in 0.576386 seconds 
========================================================================
Received Import Request.
  Time since last request: 0.000415 seconds.
  path: Assets/AssetsResources/Editor/AssetsBundle/p_0000 1/source/anim/root.controller
  artifactKey: Guid(b0b3b2e50df3f2e4299513aca7e7768d) Importer(2089858483,934ff659095e30574adcf32a4c2f97b5)
Start importing Assets/AssetsResources/Editor/AssetsBundle/p_0000 1/source/anim/root.controller using Guid(b0b3b2e50df3f2e4299513aca7e7768d) Importer(2089858483,934ff659095e30574adcf32a4c2f97b5)  -> (artifact id: '4bdc3afbc3f0538ed67b64258192d245') in 0.064799 seconds 
========================================================================
Received Import Request.
  Time since last request: 0.000449 seconds.
  path: Assets/AssetsResources/Editor/Pet Create.unity
  artifactKey: Guid(f1a41b5163d46474aa79f64236ac6e0e) Importer(2089858483,934ff659095e30574adcf32a4c2f97b5)
Start importing Assets/AssetsResources/Editor/Pet Create.unity using Guid(f1a41b5163d46474aa79f64236ac6e0e) Importer(2089858483,934ff659095e30574adcf32a4c2f97b5)  -> (artifact id: '2c4caae33d47749f1d31948c72b1b504') in 0.057548 seconds 
========================================================================
Received Import Request.
  Time since last request: 2765.715711 seconds.
  path: Assets/AssetsResources/Editor/AssetsBundle/p_0000 1/source/sprite/sheet.png
  artifactKey: Guid(c1f7d5342ccc60b418c81259f2f5af3d) Importer(815301076,1909f56bfc062723c751e8b465ee728b)
Start importing Assets/AssetsResources/Editor/AssetsBundle/p_0000 1/source/sprite/sheet.png using Guid(c1f7d5342ccc60b418c81259f2f5af3d) Importer(815301076,1909f56bfc062723c751e8b465ee728b)  -> (artifact id: 'efa3482af54ea4288a9ab8aafd76e14e') in 1.680999 seconds 
========================================================================
Received Import Request.
  Time since last request: 0.000619 seconds.
  path: Assets/AssetsResources/Editor/AssetsBundle/p_0000 1/source/sprite/sheet.png
  artifactKey: Guid(c1f7d5342ccc60b418c81259f2f5af3d) Importer(2089858483,934ff659095e30574adcf32a4c2f97b5)
Start importing Assets/AssetsResources/Editor/AssetsBundle/p_0000 1/source/sprite/sheet.png using Guid(c1f7d5342ccc60b418c81259f2f5af3d) Importer(2089858483,934ff659095e30574adcf32a4c2f97b5)  -> (artifact id: 'cd746aa2077adaf45a469f1f127fa5fc') in 0.307962 seconds 
========================================================================
Received Import Request.
  Time since last request: 41.472482 seconds.
  path: Assets/AssetsResources/Editor/AssetsBundle/p_0000 1/source/sprite/sheet.png
  artifactKey: Guid(c1f7d5342ccc60b418c81259f2f5af3d) Importer(815301076,1909f56bfc062723c751e8b465ee728b)
Start importing Assets/AssetsResources/Editor/AssetsBundle/p_0000 1/source/sprite/sheet.png using Guid(c1f7d5342ccc60b418c81259f2f5af3d) Importer(815301076,1909f56bfc062723c751e8b465ee728b)  -> (artifact id: '6ca621109266d648e80b6b612d922d22') in 0.201384 seconds 
========================================================================
Received Import Request.
  Time since last request: 0.611597 seconds.
  path: Assets/AssetsResources/Editor/AssetsBundle/p_0000 1/source/sprite/sheet.png
  artifactKey: Guid(c1f7d5342ccc60b418c81259f2f5af3d) Importer(2089858483,934ff659095e30574adcf32a4c2f97b5)
Start importing Assets/AssetsResources/Editor/AssetsBundle/p_0000 1/source/sprite/sheet.png using Guid(c1f7d5342ccc60b418c81259f2f5af3d) Importer(2089858483,934ff659095e30574adcf32a4c2f97b5)  -> (artifact id: '7459046daba93d0003e6414a4907250e') in 1.039502 seconds 
========================================================================
Received Import Request.
  Time since last request: 202.753006 seconds.
  path: Assets/AssetsResources/Editor/AssetsBundle/p_0000 1/source/sprite/sheet.png
  artifactKey: Guid(c1f7d5342ccc60b418c81259f2f5af3d) Importer(2089858483,934ff659095e30574adcf32a4c2f97b5)
Start importing Assets/AssetsResources/Editor/AssetsBundle/p_0000 1/source/sprite/sheet.png using Guid(c1f7d5342ccc60b418c81259f2f5af3d) Importer(2089858483,934ff659095e30574adcf32a4c2f97b5)  -> (artifact id: 'f7e04da588b72bb316ab208ce1f1fdd2') in 0.470431 seconds 
========================================================================
Received Import Request.
  Time since last request: 7.238607 seconds.
  path: Assets/AssetsResources/Editor/AssetsBundle/p_0000 1/source/sprite/sheet.png
  artifactKey: Guid(c1f7d5342ccc60b418c81259f2f5af3d) Importer(815301076,1909f56bfc062723c751e8b465ee728b)
Start importing Assets/AssetsResources/Editor/AssetsBundle/p_0000 1/source/sprite/sheet.png using Guid(c1f7d5342ccc60b418c81259f2f5af3d) Importer(815301076,1909f56bfc062723c751e8b465ee728b)  -> (artifact id: 'c173818cbf10919ec2d7d323f4cb9b9c') in 0.175599 seconds 
========================================================================
Received Import Request.
  Time since last request: 98.116467 seconds.
  path: Assets/AssetsResources/Editor/AssetsBundle/p_0000 1/source/sprite/sheet.png
  artifactKey: Guid(c1f7d5342ccc60b418c81259f2f5af3d) Importer(2089858483,934ff659095e30574adcf32a4c2f97b5)
Start importing Assets/AssetsResources/Editor/AssetsBundle/p_0000 1/source/sprite/sheet.png using Guid(c1f7d5342ccc60b418c81259f2f5af3d) Importer(2089858483,934ff659095e30574adcf32a4c2f97b5)  -> (artifact id: 'ed96477ee27382e9cfdab7bf650e8e41') in 0.153520 seconds 
========================================================================
Received Import Request.
  Time since last request: 236.664413 seconds.
  path: Assets/AssetsResources/Editor/AssetsBundle/p_0000 1/source/anim/Idle.anim
  artifactKey: Guid(9c43f9d7a3942f242874b6beab098beb) Importer(2089858483,934ff659095e30574adcf32a4c2f97b5)
Start importing Assets/AssetsResources/Editor/AssetsBundle/p_0000 1/source/anim/Idle.anim using Guid(9c43f9d7a3942f242874b6beab098beb) Importer(2089858483,934ff659095e30574adcf32a4c2f97b5)  -> (artifact id: 'bc163a16909b5e601c8753dab7d09a41') in 0.146014 seconds 
========================================================================
Received Import Request.
  Time since last request: 0.000232 seconds.
  path: Assets/AssetsResources/Editor/Pet Create.unity
  artifactKey: Guid(f1a41b5163d46474aa79f64236ac6e0e) Importer(2089858483,934ff659095e30574adcf32a4c2f97b5)
Start importing Assets/AssetsResources/Editor/Pet Create.unity using Guid(f1a41b5163d46474aa79f64236ac6e0e) Importer(2089858483,934ff659095e30574adcf32a4c2f97b5)  -> (artifact id: '28f3ee7b48933c030225987f8f873028') in 0.056773 seconds 
